程序开始时间：2024-02-17 12:30:13.157608
打开VX
微信已经打开
打开小程序
找到了applet.png，位置为288,847
打开小程序拼多多
点击个人中心
找到了personal_center.png，位置为1210,981
点击省钱月卡
找到了save_money_monthly_card.png，位置为766,232
进入省钱月卡页面耗费时间10。
没找到save_money_title.png
找到了save_money_list.png，位置为968,281
没找到quxiao1.png
-----免费试用更多好货-----
没找到free_use_btn.png
没找到free_use_btn.png
没找到free_use_btn.png
没找到free_use_btn.png
没找到free_use_btn.png
没找到free_use_btn.png
没找到free_use_btn.png
找到了free_use_btn.png，位置为959,593
点击免费试用更多
-----提升概率-----
位置为1193，558
找到了13.png，位置为1194,561
找到了come_back_tomorrow.png，位置为1175,740
找到了back.png，位置为681,34
位置为1193，770
找到了13.png，位置为1194,561
找到了come_back_tomorrow.png，位置为1175,740
找到了back.png，位置为681,34
程序开始时间：2024-02-17 12:31:26.059368
打开VX
微信已经打开
打开小程序
找到了applet.png，位置为288,847
打开小程序拼多多
点击个人中心
找到了personal_center.png，位置为1210,981
点击省钱月卡
找到了save_money_monthly_card.png，位置为766,232
进入省钱月卡页面耗费时间10。
没找到save_money_title.png
没找到save_money_list.png
进入省钱月卡页面耗费时间9。
找到了save_money_title.png，位置为959,32
找到了save_money_list.png，位置为968,281
没找到quxiao1.png
-----免费试用更多好货-----
没找到free_use_btn.png
没找到free_use_btn.png
没找到free_use_btn.png
没找到free_use_btn.png
没找到free_use_btn.png
没找到free_use_btn.png
没找到free_use_btn.png
找到了free_use_btn.png，位置为959,437
点击免费试用更多
-----提升概率-----
位置为1193，558
找到了13.png，位置为1194,561
找到了come_back_tomorrow.png，位置为1175,740
找到了back.png，位置为681,34
位置为1193，770
找到了13.png，位置为1194,561
找到了come_back_tomorrow.png，位置为1175,740
找到了back.png，位置为681,34
程序开始时间：2024-02-17 12:34:40.897041
打开VX
微信已经打开
打开小程序
找到了applet.png，位置为288,847
打开小程序拼多多
点击个人中心
找到了personal_center.png，位置为1210,981
点击省钱月卡
找到了save_money_monthly_card.png，位置为766,232
进入省钱月卡页面耗费时间0。
没找到save_money_title.png
没找到save_money_list.png
进入省钱月卡页面耗费时间1。
找到了save_money_title.png，位置为959,32
找到了save_money_list.png，位置为968,281
没找到quxiao1.png
-----免费试用更多好货-----
没找到free_use_btn.png
没找到free_use_btn.png
没找到free_use_btn.png
没找到free_use_btn.png
没找到free_use_btn.png
没找到free_use_btn.png
没找到free_use_btn.png
