程序开始时间：2024-02-22 17:58:59.591724

打开小程序
没找到applet.png
Traceback (most recent call last):
  File "F:\my_python\click_pdd.py", line 277, in <module>
    main()
  File "F:\my_python\click_pdd.py", line 269, in main
    enter_weChat()
  File "F:\my_python\click_pdd.py", line 231, in enter_weChat
    wx_home_window = gw.getWindowsWithTitle('微信')[1]
IndexError: list index out of range
程序开始时间：2024-02-22 17:59:10.804494

打开小程序
没找到applet.png
Traceback (most recent call last):
  File "F:\my_python\click_pdd.py", line 277, in <module>
    main()
  File "F:\my_python\click_pdd.py", line 269, in main
    enter_weChat()
  File "F:\my_python\click_pdd.py", line 231, in enter_weChat
    wx_home_window = gw.getWindowsWithTitle('微信')[1]
IndexError: list index out of range
