程序开始时间：2024-02-18 09:02:44.065501
打开VX
微信已经打开
打开小程序
找到了applet.png，位置为288,847
打开小程序拼多多
点击个人中心
找到了personal_center.png，位置为1210,981
点击省钱月卡
找到了save_money_monthly_card.png，位置为766,232
进入省钱月卡页面耗费时间0秒。
没找到save_money_title.png
没找到save_money_list.png
进入省钱月卡页面耗费时间1秒。
找到了save_money_title.png，位置为959,32
找到了save_money_list.png，位置为968,392
没找到quxiao1.png
-----免费试用更多好货-----
没找到free_use_btn.png
没找到free_use_btn.png
没找到free_use_btn.png
没找到free_use_btn.png
没找到free_use_btn.png
没找到free_use_btn.png
找到了free_use_btn.png，位置为959,788
点击免费试用更多
-----提升概率-----
(1193, 558)
‘提升概率’的位置为1193，558
没找到10.png
没找到get_rewards.png
找到了get_rewards.png，位置为1190,564
1190 564
找到了receive_now.png，位置为959,605
找到了come_back_tomorrow.png，位置为1175,740
找到了back.png，位置为681,34
(1193, 770)
‘提升概率’的位置为1193，770
没找到10.png
没找到get_rewards.png
没找到get_rewards.png
没找到get_rewards.png
没找到get_rewards.png
找到了get_rewards.png，位置为1190,564
1190 564
找到了receive_now.png，位置为959,605
找到了come_back_tomorrow.png，位置为1175,740
找到了back.png，位置为681,34
程序开始时间：2024-02-18 09:06:35.274872
打开VX
微信已经打开
打开小程序
找到了applet.png，位置为288,847
打开小程序拼多多
点击个人中心
找到了personal_center.png，位置为1210,981
点击省钱月卡
找到了save_money_monthly_card.png，位置为766,232
进入省钱月卡页面耗费时间0秒。
没找到save_money_title.png
没找到save_money_list.png
进入省钱月卡页面耗费时间1秒。
找到了save_money_title.png，位置为959,32
找到了save_money_list.png，位置为968,392
没找到quxiao1.png
-----免费试用更多好货-----
没找到free_use_btn.png
没找到free_use_btn.png
没找到free_use_btn.png
没找到free_use_btn.png
没找到free_use_btn.png
没找到free_use_btn.png
找到了free_use_btn.png，位置为959,788
点击免费试用更多
-----提升概率-----
0 (1193, 558)
‘提升概率’的位置为1193，558
找到了10.png，位置为1193,561
找到了come_back_tomorrow.png，位置为1175,740
找到了back.png，位置为681,34
1 (1193, 770)
‘提升概率’的位置为1193，770
找到了10.png，位置为1193,561
找到了come_back_tomorrow.png，位置为1175,740
找到了back.png，位置为681,34
程序开始时间：2024-02-18 09:08:00.405921
打开VX
微信已经打开
打开小程序
找到了applet.png，位置为288,847
打开小程序拼多多
点击个人中心
找到了personal_center.png，位置为1210,981
点击省钱月卡
找到了save_money_monthly_card.png，位置为766,232
进入省钱月卡页面耗费时间0秒。
没找到save_money_title.png
没找到save_money_list.png
进入省钱月卡页面耗费时间1秒。
找到了save_money_title.png，位置为959,32
找到了save_money_list.png，位置为968,392
没找到quxiao1.png
-----免费试用更多好货-----
没找到free_use_btn.png
没找到free_use_btn.png
没找到free_use_btn.png
没找到free_use_btn.png
没找到free_use_btn.png
没找到free_use_btn.png
找到了free_use_btn.png，位置为959,788
点击免费试用更多
-----提升概率-----
第0个‘提升概率’的位置为1193，558
找到了10.png，位置为1193,561
找到了come_back_tomorrow.png，位置为1175,740
找到了back.png，位置为681,34
第1个‘提升概率’的位置为1193，770
没找到10.png
没找到get_rewards.png
没找到get_rewards.png
没找到get_rewards.png
没找到get_rewards.png
没找到get_rewards.png
程序开始时间：2024-02-18 09:09:02.636079
打开VX
微信已经打开
打开小程序
找到了applet.png，位置为288,847
打开小程序拼多多
点击个人中心
找到了personal_center.png，位置为1210,981
点击省钱月卡
找到了save_money_monthly_card.png，位置为766,232
进入省钱月卡页面耗费时间0秒。
没找到save_money_title.png
没找到save_money_list.png
进入省钱月卡页面耗费时间1秒。
找到了save_money_title.png，位置为959,32
找到了save_money_list.png，位置为968,392
没找到quxiao1.png
-----免费试用更多好货-----
没找到free_use_btn.png
没找到free_use_btn.png
没找到free_use_btn.png
没找到free_use_btn.png
没找到free_use_btn.png
没找到free_use_btn.png
找到了free_use_btn.png，位置为959,788
点击免费试用更多
-----提升概率-----
第1个‘提升概率’的位置为1193，558
找到了10.png，位置为1193,561
找到了come_back_tomorrow.png，位置为1175,740
找到了back.png，位置为681,34
第2个‘提升概率’的位置为1193，770
找到了10.png，位置为1193,561
找到了come_back_tomorrow.png，位置为1175,740
找到了back.png，位置为681,34
